Arguments: 
  /usr/bin/node /usr/share/yarn/bin/yarn.js add @types/winston3-logstash-transport -D

PATH: 
  /home/cristian/.local/bin:/usr/local/sbin:/usr/local/bin:/usr/sbin:/usr/bin:/sbin:/bin:/usr/games:/usr/local/games:/snap/bin:/home/cristian/Android/Sdk/emulator:/home/cristian/Android/Sdk/tools:/home/cristian/Android/Sdk/tools/bin:/home/cristian/Android/Sdk/platform-tools:/home/cristian/Android/Sdk/emulator:/home/cristian/Android/Sdk/tools:/home/cristian/Android/Sdk/tools/bin:/home/cristian/Android/Sdk/platform-tools

Yarn version: 
  1.22.5

Node version: 
  12.18.2

Platform: 
  linux x64

Trace: 
  Error: https://registry.yarnpkg.com/@types%2fwinston3-logstash-transport: Not found
      at Request.params.callback [as _callback] (/usr/share/yarn/lib/cli.js:66988:18)
      at Request.self.callback (/usr/share/yarn/lib/cli.js:140749:22)
      at Request.emit (events.js:315:20)
      at Request.<anonymous> (/usr/share/yarn/lib/cli.js:141721:10)
      at Request.emit (events.js:315:20)
      at IncomingMessage.<anonymous> (/usr/share/yarn/lib/cli.js:141643:12)
      at Object.onceWrapper (events.js:421:28)
      at IncomingMessage.emit (events.js:327:22)
      at endReadableNT (_stream_readable.js:1221:12)
      at processTicksAndRejections (internal/process/task_queues.js:84:21)

npm manifest: 
  No manifest

yarn manifest: 
  No manifest

Lockfile: 
  No lockfile
